#
# There is insufficient memory for the Java Runtime Environment to continue.
# Native memory allocation (malloc) failed to allocate 1114896 bytes. Error detail: Chunk::new
# Possible reasons:
#   The system is out of physical RAM or swap space
#   This process is running with CompressedOops enabled, and the Java Heap may be blocking the growth of the native heap
# Possible solutions:
#   Reduce memory load on the system
#   Increase physical memory or swap space
#   Check if swap backing store is full
#   Decrease Java heap size (-Xmx/-Xms)
#   Decrease number of Java threads
#   Decrease Java thread stack sizes (-Xss)
#   Set larger code cache with -XX:ReservedCodeCacheSize=
#   JVM is running with Unscaled Compressed Oops mode in which the Java heap is
#     placed in the first 4GB address space. The Java Heap base address is the
#     maximum limit for the native heap growth. Please use -XX:HeapBaseMinAddress
#     to set the Java Heap base and to place the Java Heap above 4GB virtual address.
# This output file may be truncated or incomplete.
#
#  Out of Memory Error (arena.cpp:168), pid=3900, tid=25400
#
# JRE version: OpenJDK Runtime Environment Temurin-21.0.10+7 (21.0.10+7) (build 21.0.10+7-LTS)
# Java VM: OpenJDK 64-Bit Server VM Temurin-21.0.10+7 (21.0.10+7-LTS, mixed mode, sharing, tiered, compressed oops, compressed class ptrs, parallel gc, windows-amd64)
# No core dump will be written. Minidumps are not enabled by default on client versions of Windows
#

---------------  S U M M A R Y ------------

Command Line: --add-modules=ALL-SYSTEM --add-opens=java.base/java.util=ALL-UNNAMED --add-opens=java.base/java.lang=ALL-UNNAMED --add-opens=java.base/sun.nio.fs=ALL-UNNAMED -Declipse.application=org.eclipse.jdt.ls.core.id1 -Dosgi.bundles.defaultStartLevel=4 -Declipse.product=org.eclipse.jdt.ls.core.product -Djava.import.generatesMetadataFilesAtProjectRoot=false -DDetectVMInstallationsJob.disabled=true -Dfile.encoding=utf8 -XX:+UseParallelGC -XX:GCTimeRatio=4 -XX:AdaptiveSizePolicyWeight=90 -Dsun.zip.disableMemoryMapping=true -Xmx2G -Xms100m -Xlog:disable -javaagent:c:\Users\harsh\.vscode\extensions\redhat.java-1.53.0-win32-x64\lombok\lombok-1.18.39-4050.jar -XX:+HeapDumpOnOutOfMemoryError -XX:HeapDumpPath=c:\Users\harsh\AppData\Roaming\Code\User\workspaceStorage\60f601d2c50f877d18666076a6b5634a\redhat.java -Daether.dependencyCollector.impl=bf c:\Users\harsh\.vscode\extensions\redhat.java-1.53.0-win32-x64\server\plugins\org.eclipse.equinox.launcher_1.7.100.v20251111-0406.jar -configuration c:\Users\harsh\AppData\Roaming\Code\User\globalStorage\redhat.java\1.53.0\config_win -data c:\Users\harsh\AppData\Roaming\Code\User\workspaceStorage\60f601d2c50f877d18666076a6b5634a\redhat.java\jdt_ws --pipe=\\.\pipe\lsp-7276b56e3a9aaf9c60067efe2efb5405-sock

Host: Intel(R) Core(TM) i7-8750H CPU @ 2.20GHz, 12 cores, 19G,  Windows 11 , 64 bit Build 26100 (10.0.26100.6725)
Time: Tue Mar 24 15:09:44 2026 Sri Lanka Standard Time elapsed time: 12.476691 seconds (0d 0h 0m 12s)

---------------  T H R E A D  ---------------

Current thread (0x000001d39c9ab3f0):  JavaThread "C2 CompilerThread0" daemon [_thread_in_native, id=25400, stack(0x0000007556300000,0x0000007556400000) (1024K)]


Current CompileTask:
C2:12476 3035       4       java.lang.invoke.MethodType::makeImpl (109 bytes)

Stack: [0x0000007556300000,0x0000007556400000]
Native frames: (J=compiled Java code, j=interpreted, Vv=VM code, C=native code)
V  [jvm.dll+0x6d7a39]
V  [jvm.dll+0x8b4b26]
V  [jvm.dll+0x8b70de]
V  [jvm.dll+0x8b77c3]
V  [jvm.dll+0x284346]
V  [jvm.dll+0xc66ed]
V  [jvm.dll+0xc6c31]
V  [jvm.dll+0x3bec01]
V  [jvm.dll+0x1e3f69]
V  [jvm.dll+0x24c6b3]
V  [jvm.dll+0x24bb40]
V  [jvm.dll+0x1cb34e]
V  [jvm.dll+0x25b85d]
V  [jvm.dll+0x259dea]
V  [jvm.dll+0x3f857e]
V  [jvm.dll+0x85f59d]
V  [jvm.dll+0x6d626d]
C  [ucrtbase.dll+0x37b0]
C  [KERNEL32.DLL+0x2e8d7]
C  [ntdll.dll+0x8c53c]


---------------  P R O C E S S  ---------------

Threads class SMR info:
_java_thread_list=0x000001d3fd4a35c0, length=22, elements={
0x000001d39c8ebf30, 0x000001d3f61fc0b0, 0x000001d3f61fd9d0, 0x000001d39c995d00,
0x000001d39c996960, 0x000001d39c99eb50, 0x000001d39c9a3eb0, 0x000001d39c9ab3f0,
0x000001d39c9abaa0, 0x000001d3f7803cf0, 0x000001d3f78c4040, 0x000001d3fd19e960,
0x000001d3fd03ba70, 0x000001d3fd439070, 0x000001d3fd479970, 0x000001d3fd9888b0,
0x000001d3fd4338f0, 0x000001d3fd7b1d70, 0x000001d3fd4ad060, 0x000001d3fd4ad6f0,
0x000001d3fd4add80, 0x000001d3fd723bc0
}

Java Threads: ( => current thread )
  0x000001d39c8ebf30 JavaThread "main"                              [_thread_blocked, id=11236, stack(0x0000007555800000,0x0000007555900000) (1024K)]
  0x000001d3f61fc0b0 JavaThread "Reference Handler"          daemon [_thread_blocked, id=14572, stack(0x0000007555d00000,0x0000007555e00000) (1024K)]
  0x000001d3f61fd9d0 JavaThread "Finalizer"                  daemon [_thread_blocked, id=632, stack(0x0000007555e00000,0x0000007555f00000) (1024K)]
  0x000001d39c995d00 JavaThread "Signal Dispatcher"          daemon [_thread_blocked, id=12152, stack(0x0000007555f00000,0x0000007556000000) (1024K)]
  0x000001d39c996960 JavaThread "Attach Listener"            daemon [_thread_blocked, id=18280, stack(0x0000007556000000,0x0000007556100000) (1024K)]
  0x000001d39c99eb50 JavaThread "Service Thread"             daemon [_thread_blocked, id=33984, stack(0x0000007556100000,0x0000007556200000) (1024K)]
  0x000001d39c9a3eb0 JavaThread "Monitor Deflation Thread"   daemon [_thread_blocked, id=10056, stack(0x0000007556200000,0x0000007556300000) (1024K)]
=>0x000001d39c9ab3f0 JavaThread "C2 CompilerThread0"         daemon [_thread_in_native, id=25400, stack(0x0000007556300000,0x0000007556400000) (1024K)]
  0x000001d39c9abaa0 JavaThread "C1 CompilerThread0"         daemon [_thread_blocked, id=14228, stack(0x0000007556400000,0x0000007556500000) (1024K)]
  0x000001d3f7803cf0 JavaThread "Common-Cleaner"             daemon [_thread_blocked, id=34764, stack(0x0000007556500000,0x0000007556600000) (1024K)]
  0x000001d3f78c4040 JavaThread "Notification Thread"        daemon [_thread_blocked, id=17328, stack(0x0000007556700000,0x0000007556800000) (1024K)]
  0x000001d3fd19e960 JavaThread "Active Thread: Equinox Container: 90621fd4-9770-4c78-aca7-195b4945d5a5"        [_thread_blocked, id=15556, stack(0x0000007556f00000,0x0000007557000000) (1024K)]
  0x000001d3fd03ba70 JavaThread "Refresh Thread: Equinox Container: 90621fd4-9770-4c78-aca7-195b4945d5a5" daemon [_thread_blocked, id=18564, stack(0x0000007557100000,0x0000007557200000) (1024K)]
  0x000001d3fd439070 JavaThread "Framework Event Dispatcher: Equinox Container: 90621fd4-9770-4c78-aca7-195b4945d5a5" daemon [_thread_blocked, id=10464, stack(0x0000007557200000,0x0000007557300000) (1024K)]
  0x000001d3fd479970 JavaThread "Start Level: Equinox Container: 90621fd4-9770-4c78-aca7-195b4945d5a5" daemon [_thread_in_native, id=14680, stack(0x0000007557300000,0x0000007557400000) (1024K)]
  0x000001d3fd9888b0 JavaThread "Bundle File Closer"         daemon [_thread_blocked, id=34084, stack(0x0000007557600000,0x0000007557700000) (1024K)]
  0x000001d3fd4338f0 JavaThread "SCR Component Actor"        daemon [_thread_blocked, id=18600, stack(0x0000007556800000,0x0000007556900000) (1024K)]
  0x000001d3fd7b1d70 JavaThread "Worker-JM"                         [_thread_blocked, id=30932, stack(0x0000007557800000,0x0000007557900000) (1024K)]
  0x000001d3fd4ad060 JavaThread "JNA Cleaner"                daemon [_thread_blocked, id=9448, stack(0x0000007556600000,0x0000007556700000) (1024K)]
  0x000001d3fd4ad6f0 JavaThread "Worker-0: Checking project encoding"        [_thread_blocked, id=23384, stack(0x0000007557700000,0x0000007557800000) (1024K)]
  0x000001d3fd4add80 JavaThread "Worker-1"                          [_thread_blocked, id=7604, stack(0x0000007557900000,0x0000007557a00000) (1024K)]
  0x000001d3fd723bc0 JavaThread "C2 CompilerThread1"         daemon [_thread_blocked, id=24788, stack(0x0000007557a00000,0x0000007557b00000) (1024K)]
Total: 22

Other Threads:
  0x000001d3f61e4a50 VMThread "VM Thread"                           [id=16132, stack(0x0000007555c00000,0x0000007555d00000) (1024K)]
  0x000001d3f60dca00 WatcherThread "VM Periodic Task Thread"        [id=20868, stack(0x0000007555b00000,0x0000007555c00000) (1024K)]
  0x000001d39c90a5c0 WorkerThread "GC Thread#0"                     [id=15492, stack(0x0000007555900000,0x0000007555a00000) (1024K)]
  0x000001d3f88e4780 WorkerThread "GC Thread#1"                     [id=26932, stack(0x0000007556900000,0x0000007556a00000) (1024K)]
  0x000001d3f882bbe0 WorkerThread "GC Thread#2"                     [id=2312, stack(0x0000007556a00000,0x0000007556b00000) (1024K)]
  0x000001d3f882bf90 WorkerThread "GC Thread#3"                     [id=15120, stack(0x0000007556b00000,0x0000007556c00000) (1024K)]
  0x000001d3fd0372f0 WorkerThread "GC Thread#4"                     [id=17384, stack(0x0000007556c00000,0x0000007556d00000) (1024K)]
  0x000001d3fd0376a0 WorkerThread "GC Thread#5"                     [id=5984, stack(0x0000007556d00000,0x0000007556e00000) (1024K)]
  0x000001d3f8b8bbc0 WorkerThread "GC Thread#6"                     [id=2100, stack(0x0000007556e00000,0x0000007556f00000) (1024K)]
  0x000001d3f8b8bf70 WorkerThread "GC Thread#7"                     [id=26188, stack(0x0000007557000000,0x0000007557100000) (1024K)]
  0x000001d3f8b8c320 WorkerThread "GC Thread#8"                     [id=14628, stack(0x0000007557400000,0x0000007557500000) (1024K)]
  0x000001d3f8b8c6d0 WorkerThread "GC Thread#9"                     [id=17220, stack(0x0000007557500000,0x0000007557600000) (1024K)]
Total: 12

Threads with active compile tasks:
C2 CompilerThread0  12502 3035       4       java.lang.invoke.MethodType::makeImpl (109 bytes)
Total: 1

VM state: not at safepoint (normal execution)

VM Mutex/Monitor currently owned by a thread: None

Heap address: 0x0000000080000000, size: 2048 MB, Compressed Oops mode: 32-bit

CDS archive(s) mapped at: [0x000001d3b5000000-0x000001d3b5ba0000-0x000001d3b5ba0000), size 12189696, SharedBaseAddress: 0x000001d3b5000000, ArchiveRelocationMode: 1.
Compressed class space mapped at: 0x000001d3b6000000-0x000001d3f6000000, reserved size: 1073741824
Narrow klass base: 0x000001d3b5000000, Narrow klass shift: 0, Narrow klass range: 0x100000000

GC Precious Log:
 CardTable entry size: 512
 CPUs: 12 total, 12 available
 Memory: 20273M
 Large Page Support: Disabled
 NUMA Support: Disabled
 Compressed Oops: Enabled (32-bit)
 Alignments: Space 512K, Generation 512K, Heap 2M
 Heap Min Capacity: 100M
 Heap Initial Capacity: 100M
 Heap Max Capacity: 2G
 Pre-touch: Disabled
 Parallel Workers: 10

Heap:
 PSYoungGen      total 29184K, used 22094K [0x00000000d5580000, 0x00000000d7900000, 0x0000000100000000)
  eden space 25088K, 71% used [0x00000000d5580000,0x00000000d6719390,0x00000000d6e00000)
  from space 4096K, 99% used [0x00000000d6e80000,0x00000000d727a7b8,0x00000000d7280000)
  to   space 5632K, 0% used [0x00000000d7380000,0x00000000d7380000,0x00000000d7900000)
 ParOldGen       total 68608K, used 7827K [0x0000000080000000, 0x0000000084300000, 0x00000000d5580000)
  object space 68608K, 11% used [0x0000000080000000,0x00000000807a4fa0,0x0000000084300000)
 Metaspace       used 18044K, committed 18816K, reserved 1114112K
  class space    used 1910K, committed 2240K, reserved 1048576K

Card table byte_map: [0x000001d3b03c0000,0x000001d3b07d0000] _byte_map_base: 0x000001d3affc0000

Marking Bits: (ParMarkBitMap*) 0x00007ffa923a3450
 Begin Bits: [0x000001d3b0a80000, 0x000001d3b2a80000)
 End Bits:   [0x000001d3b2a80000, 0x000001d3b4a80000)

Polling page: 0x000001d3a11b0000

Metaspace:

Usage:
  Non-class:     15.76 MB used.
      Class:      1.87 MB used.
       Both:     17.62 MB used.

Virtual space:
  Non-class space:       64.00 MB reserved,      16.19 MB ( 25%) committed,  1 nodes.
      Class space:        1.00 GB reserved,       2.19 MB ( <1%) committed,  1 nodes.
             Both:        1.06 GB reserved,      18.38 MB (  2%) committed. 

Chunk freelists:
   Non-Class:  15.28 MB
       Class:  13.78 MB
        Both:  29.06 MB

MaxMetaspaceSize: unlimited
CompressedClassSpaceSize: 1.00 GB
Initial GC threshold: 21.00 MB
Current GC threshold: 21.00 MB
CDS: on
 - commit_granule_bytes: 65536.
 - commit_granule_words: 8192.
 - virtual_space_node_default_size: 8388608.
 - enlarge_chunks_in_place: 1.
 - use_allocation_guard: 0.


Internal statistics:

num_allocs_failed_limit: 0.
num_arena_births: 558.
num_arena_deaths: 0.
num_vsnodes_births: 2.
num_vsnodes_deaths: 0.
num_space_committed: 294.
num_space_uncommitted: 0.
num_chunks_returned_to_freelist: 0.
num_chunks_taken_from_freelist: 1229.
num_chunk_merges: 0.
num_chunk_splits: 789.
num_chunks_enlarged: 507.
num_inconsistent_stats: 0.

CodeHeap 'non-profiled nmethods': size=120000Kb used=1449Kb max_used=1449Kb free=118550Kb
 bounds [0x000001d3a8ca0000, 0x000001d3a8f10000, 0x000001d3b01d0000]
CodeHeap 'profiled nmethods': size=120000Kb used=6480Kb max_used=6480Kb free=113519Kb
 bounds [0x000001d3a11d0000, 0x000001d3a1830000, 0x000001d3a8700000]
CodeHeap 'non-nmethods': size=5760Kb used=1275Kb max_used=1292Kb free=4484Kb
 bounds [0x000001d3a8700000, 0x000001d3a8970000, 0x000001d3a8ca0000]
CodeCache: size=245760Kb, used=9204Kb, max_used=9221Kb, free=236553Kb
 total_blobs=3832, nmethods=3281, adapters=457, full_count=0
Compilation: enabled, stopped_count=0, restarted_count=0

Compilation events (20 events):
Event: 11.455 Thread 0x000001d39c9abaa0 nmethod 3244 0x000001d3a180ff10 code [0x000001d3a18100c0, 0x000001d3a1810290]
Event: 11.455 Thread 0x000001d39c9abaa0 3245       3       jdk.internal.loader.Resource::getByteBuffer (24 bytes)
Event: 11.455 Thread 0x000001d39c9abaa0 nmethod 3245 0x000001d3a1810390 code [0x000001d3a1810580, 0x000001d3a1810c28]
Event: 11.457 Thread 0x000001d39c9abaa0 3251   !   3       java.util.AbstractList$Itr::next (46 bytes)
Event: 11.457 Thread 0x000001d39c9abaa0 nmethod 3251 0x000001d3a1810d90 code [0x000001d3a1810fa0, 0x000001d3a18115b0]
Event: 11.457 Thread 0x000001d39c9abaa0 3252       3       java.util.AbstractList$Itr::checkForComodification (23 bytes)
Event: 11.457 Thread 0x000001d39c9abaa0 nmethod 3252 0x000001d3a1811890 code [0x000001d3a1811a40, 0x000001d3a1811c68]
Event: 11.458 Thread 0x000001d39c9abaa0 3254       3       org.eclipse.osgi.container.ModuleCapability::getResource (5 bytes)
Event: 11.458 Thread 0x000001d39c9abaa0 nmethod 3254 0x000001d3a1811d90 code [0x000001d3a1811f20, 0x000001d3a1812040]
Event: 11.458 Thread 0x000001d39c9abaa0 3255       3       org.eclipse.osgi.internal.container.InternalUtils$CopyOnFirstWriteList::get (11 bytes)
Event: 11.458 Thread 0x000001d39c9abaa0 nmethod 3255 0x000001d3a1812110 code [0x000001d3a18122c0, 0x000001d3a1812498]
Event: 11.459 Thread 0x000001d39c9abaa0 3256       3       org.apache.felix.resolver.util.OpenHashMap::mix (13 bytes)
Event: 11.459 Thread 0x000001d39c9abaa0 nmethod 3256 0x000001d3a1812590 code [0x000001d3a1812720, 0x000001d3a1812820]
Event: 11.459 Thread 0x000001d39c9abaa0 3258       3       org.apache.felix.resolver.util.OpenHashMap::insert (236 bytes)
Event: 11.460 Thread 0x000001d39c9abaa0 nmethod 3258 0x000001d3a1812890 code [0x000001d3a1812b00, 0x000001d3a1813710]
Event: 11.460 Thread 0x000001d39c9abaa0 3257       3       org.apache.felix.resolver.util.OpenHashMap::put (34 bytes)
Event: 11.461 Thread 0x000001d39c9abaa0 nmethod 3257 0x000001d3a1813b10 code [0x000001d3a1813ce0, 0x000001d3a1814010]
Event: 11.461 Thread 0x000001d39c9abaa0 3259       3       org.apache.felix.resolver.Blame::<init> (15 bytes)
Event: 11.461 Thread 0x000001d39c9abaa0 nmethod 3259 0x000001d3a1814190 code [0x000001d3a1814340, 0x000001d3a18144d8]
Event: 11.461 Thread 0x000001d39c9abaa0 3260       3       java.lang.invoke.VarHandleGuards::guard_LLL_Z (86 bytes)

GC Heap History (10 events):
Event: 2.441 GC heap before
{Heap before GC invocations=1 (full 0):
 PSYoungGen      total 29696K, used 25600K [0x00000000d5580000, 0x00000000d7680000, 0x0000000100000000)
  eden space 25600K, 100% used [0x00000000d5580000,0x00000000d6e80000,0x00000000d6e80000)
  from space 4096K, 0% used [0x00000000d7280000,0x00000000d7280000,0x00000000d7680000)
  to   space 4096K, 0% used [0x00000000d6e80000,0x00000000d6e80000,0x00000000d7280000)
 ParOldGen       total 68608K, used 0K [0x0000000080000000, 0x0000000084300000, 0x00000000d5580000)
  object space 68608K, 0% used [0x0000000080000000,0x0000000080000000,0x0000000084300000)
 Metaspace       used 4328K, committed 4544K, reserved 1114112K
  class space    used 474K, committed 576K, reserved 1048576K
}
Event: 2.447 GC heap after
{Heap after GC invocations=1 (full 0):
 PSYoungGen      total 29696K, used 3303K [0x00000000d5580000, 0x00000000d7680000, 0x0000000100000000)
  eden space 25600K, 0% used [0x00000000d5580000,0x00000000d5580000,0x00000000d6e80000)
  from space 4096K, 80% used [0x00000000d6e80000,0x00000000d71b9e98,0x00000000d7280000)
  to   space 4096K, 0% used [0x00000000d7280000,0x00000000d7280000,0x00000000d7680000)
 ParOldGen       total 68608K, used 16K [0x0000000080000000, 0x0000000084300000, 0x00000000d5580000)
  object space 68608K, 0% used [0x0000000080000000,0x0000000080004000,0x0000000084300000)
 Metaspace       used 4328K, committed 4544K, reserved 1114112K
  class space    used 474K, committed 576K, reserved 1048576K
}
Event: 3.027 GC heap before
{Heap before GC invocations=2 (full 0):
 PSYoungGen      total 29696K, used 28903K [0x00000000d5580000, 0x00000000d7680000, 0x0000000100000000)
  eden space 25600K, 100% used [0x00000000d5580000,0x00000000d6e80000,0x00000000d6e80000)
  from space 4096K, 80% used [0x00000000d6e80000,0x00000000d71b9e98,0x00000000d7280000)
  to   space 4096K, 0% used [0x00000000d7280000,0x00000000d7280000,0x00000000d7680000)
 ParOldGen       total 68608K, used 16K [0x0000000080000000, 0x0000000084300000, 0x00000000d5580000)
  object space 68608K, 0% used [0x0000000080000000,0x0000000080004000,0x0000000084300000)
 Metaspace       used 7942K, committed 8192K, reserved 1114112K
  class space    used 829K, committed 960K, reserved 1048576K
}
Event: 3.033 GC heap after
{Heap after GC invocations=2 (full 0):
 PSYoungGen      total 29696K, used 4086K [0x00000000d5580000, 0x00000000d7680000, 0x0000000100000000)
  eden space 25600K, 0% used [0x00000000d5580000,0x00000000d5580000,0x00000000d6e80000)
  from space 4096K, 99% used [0x00000000d7280000,0x00000000d767d810,0x00000000d7680000)
  to   space 4096K, 0% used [0x00000000d6e80000,0x00000000d6e80000,0x00000000d7280000)
 ParOldGen       total 68608K, used 2061K [0x0000000080000000, 0x0000000084300000, 0x00000000d5580000)
  object space 68608K, 3% used [0x0000000080000000,0x0000000080203648,0x0000000084300000)
 Metaspace       used 7942K, committed 8192K, reserved 1114112K
  class space    used 829K, committed 960K, reserved 1048576K
}
Event: 3.610 GC heap before
{Heap before GC invocations=3 (full 0):
 PSYoungGen      total 29696K, used 29473K [0x00000000d5580000, 0x00000000d7680000, 0x0000000100000000)
  eden space 25600K, 99% used [0x00000000d5580000,0x00000000d6e4af58,0x00000000d6e80000)
  from space 4096K, 99% used [0x00000000d7280000,0x00000000d767d810,0x00000000d7680000)
  to   space 4096K, 0% used [0x00000000d6e80000,0x00000000d6e80000,0x00000000d7280000)
 ParOldGen       total 68608K, used 2061K [0x0000000080000000, 0x0000000084300000, 0x00000000d5580000)
  object space 68608K, 3% used [0x0000000080000000,0x0000000080203648,0x0000000084300000)
 Metaspace       used 9379K, committed 9728K, reserved 1114112K
  class space    used 1004K, committed 1152K, reserved 1048576K
}
Event: 3.619 GC heap after
{Heap after GC invocations=3 (full 0):
 PSYoungGen      total 29696K, used 4085K [0x00000000d5580000, 0x00000000d7680000, 0x0000000100000000)
  eden space 25600K, 0% used [0x00000000d5580000,0x00000000d5580000,0x00000000d6e80000)
  from space 4096K, 99% used [0x00000000d6e80000,0x00000000d727d6f0,0x00000000d7280000)
  to   space 4096K, 0% used [0x00000000d7280000,0x00000000d7280000,0x00000000d7680000)
 ParOldGen       total 68608K, used 5124K [0x0000000080000000, 0x0000000084300000, 0x00000000d5580000)
  object space 68608K, 7% used [0x0000000080000000,0x0000000080501100,0x0000000084300000)
 Metaspace       used 9379K, committed 9728K, reserved 1114112K
  class space    used 1004K, committed 1152K, reserved 1048576K
}
Event: 5.235 GC heap before
{Heap before GC invocations=4 (full 0):
 PSYoungGen      total 29696K, used 29685K [0x00000000d5580000, 0x00000000d7680000, 0x0000000100000000)
  eden space 25600K, 100% used [0x00000000d5580000,0x00000000d6e80000,0x00000000d6e80000)
  from space 4096K, 99% used [0x00000000d6e80000,0x00000000d727d6f0,0x00000000d7280000)
  to   space 4096K, 0% used [0x00000000d7280000,0x00000000d7280000,0x00000000d7680000)
 ParOldGen       total 68608K, used 5124K [0x0000000080000000, 0x0000000084300000, 0x00000000d5580000)
  object space 68608K, 7% used [0x0000000080000000,0x0000000080501100,0x0000000084300000)
 Metaspace       used 11659K, committed 12032K, reserved 1114112K
  class space    used 1239K, committed 1408K, reserved 1048576K
}
Event: 5.239 GC heap after
{Heap after GC invocations=4 (full 0):
 PSYoungGen      total 29696K, used 4070K [0x00000000d5580000, 0x00000000d7680000, 0x0000000100000000)
  eden space 25600K, 0% used [0x00000000d5580000,0x00000000d5580000,0x00000000d6e80000)
  from space 4096K, 99% used [0x00000000d7280000,0x00000000d7679a80,0x00000000d7680000)
  to   space 4096K, 0% used [0x00000000d6e80000,0x00000000d6e80000,0x00000000d7280000)
 ParOldGen       total 68608K, used 6784K [0x0000000080000000, 0x0000000084300000, 0x00000000d5580000)
  object space 68608K, 9% used [0x0000000080000000,0x00000000806a0248,0x0000000084300000)
 Metaspace       used 11659K, committed 12032K, reserved 1114112K
  class space    used 1239K, committed 1408K, reserved 1048576K
}
Event: 7.836 GC heap before
{Heap before GC invocations=5 (full 0):
 PSYoungGen      total 29696K, used 29670K [0x00000000d5580000, 0x00000000d7680000, 0x0000000100000000)
  eden space 25600K, 100% used [0x00000000d5580000,0x00000000d6e80000,0x00000000d6e80000)
  from space 4096K, 99% used [0x00000000d7280000,0x00000000d7679a80,0x00000000d7680000)
  to   space 4096K, 0% used [0x00000000d6e80000,0x00000000d6e80000,0x00000000d7280000)
 ParOldGen       total 68608K, used 6784K [0x0000000080000000, 0x0000000084300000, 0x00000000d5580000)
  object space 68608K, 9% used [0x0000000080000000,0x00000000806a0248,0x0000000084300000)
 Metaspace       used 15635K, committed 16320K, reserved 1114112K
  class space    used 1632K, committed 1920K, reserved 1048576K
}
Event: 7.840 GC heap after
{Heap after GC invocations=5 (full 0):
 PSYoungGen      total 29184K, used 4073K [0x00000000d5580000, 0x00000000d7900000, 0x0000000100000000)
  eden space 25088K, 0% used [0x00000000d5580000,0x00000000d5580000,0x00000000d6e00000)
  from space 4096K, 99% used [0x00000000d6e80000,0x00000000d727a7b8,0x00000000d7280000)
  to   space 5632K, 0% used [0x00000000d7380000,0x00000000d7380000,0x00000000d7900000)
 ParOldGen       total 68608K, used 7827K [0x0000000080000000, 0x0000000084300000, 0x00000000d5580000)
  object space 68608K, 11% used [0x0000000080000000,0x00000000807a4fa0,0x0000000084300000)
 Metaspace       used 15635K, committed 16320K, reserved 1114112K
  class space    used 1632K, committed 1920K, reserved 1048576K
}

Dll operation events (10 events):
Event: 0.018 Loaded shared library c:\Users\harsh\.vscode\extensions\redhat.java-1.53.0-win32-x64\jre\21.0.10-win32-x86_64\bin\java.dll
Event: 1.814 Loaded shared library c:\Users\harsh\.vscode\extensions\redhat.java-1.53.0-win32-x64\jre\21.0.10-win32-x86_64\bin\zip.dll
Event: 1.835 Loaded shared library C:\Users\harsh\.vscode\extensions\redhat.java-1.53.0-win32-x64\jre\21.0.10-win32-x86_64\bin\instrument.dll
Event: 1.841 Loaded shared library C:\Users\harsh\.vscode\extensions\redhat.java-1.53.0-win32-x64\jre\21.0.10-win32-x86_64\bin\net.dll
Event: 1.843 Loaded shared library C:\Users\harsh\.vscode\extensions\redhat.java-1.53.0-win32-x64\jre\21.0.10-win32-x86_64\bin\nio.dll
Event: 1.847 Loaded shared library C:\Users\harsh\.vscode\extensions\redhat.java-1.53.0-win32-x64\jre\21.0.10-win32-x86_64\bin\zip.dll
Event: 1.861 Loaded shared library C:\Users\harsh\.vscode\extensions\redhat.java-1.53.0-win32-x64\jre\21.0.10-win32-x86_64\bin\jimage.dll
Event: 1.937 Loaded shared library c:\Users\harsh\.vscode\extensions\redhat.java-1.53.0-win32-x64\jre\21.0.10-win32-x86_64\bin\verify.dll
Event: 3.058 Loaded shared library C:\Users\harsh\AppData\Roaming\Code\User\globalStorage\redhat.java\1.53.0\config_win\org.eclipse.equinox.launcher\org.eclipse.equinox.launcher.win32.win32.x86_64_1.3.0.v20260203-2149\eclipse_11919.dll
Event: 8.125 Loaded shared library C:\Users\harsh\AppData\Local\Temp\jna-99049134\jna2102746398379320149.dll

Deoptimization events (20 events):
Event: 5.679 Thread 0x000001d3fd479970 Uncommon trap: trap_request=0xffffff45 fr.pc=0x000001d3a8da04fc relative=0x00000000000012dc
Event: 5.679 Thread 0x000001d3fd479970 Uncommon trap: reason=unstable_if action=reinterpret pc=0x000001d3a8da04fc method=java.util.Properties.loadConvert([CIILjava/lang/StringBuilder;)Ljava/lang/String; @ 491 c2
Event: 5.679 Thread 0x000001d3fd479970 DEOPT PACKING pc=0x000001d3a8da04fc sp=0x00000075573f7b80
Event: 5.679 Thread 0x000001d3fd479970 DEOPT UNPACKING pc=0x000001d3a8753aa2 sp=0x00000075573f7b70 mode 2
Event: 5.705 Thread 0x000001d3fd479970 Uncommon trap: trap_request=0xffffff45 fr.pc=0x000001d3a8d3f3d8 relative=0x00000000000000b8
Event: 5.705 Thread 0x000001d3fd479970 Uncommon trap: reason=unstable_if action=reinterpret pc=0x000001d3a8d3f3d8 method=org.eclipse.osgi.container.ModuleRevisionBuilder.unmodifiableMap(Ljava/util/Map;)Ljava/util/Map; @ 27 c2
Event: 5.705 Thread 0x000001d3fd479970 DEOPT PACKING pc=0x000001d3a8d3f3d8 sp=0x00000075573f9970
Event: 5.705 Thread 0x000001d3fd479970 DEOPT UNPACKING pc=0x000001d3a8753aa2 sp=0x00000075573f98f0 mode 2
Event: 7.873 Thread 0x000001d3fd479970 Uncommon trap: trap_request=0xffffff45 fr.pc=0x000001d3a8dc9784 relative=0x0000000000000ae4
Event: 7.873 Thread 0x000001d3fd479970 Uncommon trap: reason=unstable_if action=reinterpret pc=0x000001d3a8dc9784 method=java.io.BufferedInputStream.read1([BII)I @ 34 c2
Event: 7.873 Thread 0x000001d3fd479970 DEOPT PACKING pc=0x000001d3a8dc9784 sp=0x00000075573f9180
Event: 7.873 Thread 0x000001d3fd479970 DEOPT UNPACKING pc=0x000001d3a8753aa2 sp=0x00000075573f9048 mode 2
Event: 7.898 Thread 0x000001d3fd479970 Uncommon trap: trap_request=0xffffff45 fr.pc=0x000001d3a8cd8d88 relative=0x00000000000006e8
Event: 7.898 Thread 0x000001d3fd479970 Uncommon trap: reason=unstable_if action=reinterpret pc=0x000001d3a8cd8d88 method=java.lang.String.replace(Ljava/lang/CharSequence;Ljava/lang/CharSequence;)Ljava/lang/String; @ 42 c2
Event: 7.898 Thread 0x000001d3fd479970 DEOPT PACKING pc=0x000001d3a8cd8d88 sp=0x00000075573f7980
Event: 7.898 Thread 0x000001d3fd479970 DEOPT UNPACKING pc=0x000001d3a8753aa2 sp=0x00000075573f7900 mode 2
Event: 9.234 Thread 0x000001d3fd4ad6f0 Uncommon trap: trap_request=0xffffff45 fr.pc=0x000001d3a8d920e0 relative=0x00000000000000c0
Event: 9.234 Thread 0x000001d3fd4ad6f0 Uncommon trap: reason=unstable_if action=reinterpret pc=0x000001d3a8d920e0 method=java.util.concurrent.locks.ReentrantLock$NonfairSync.initialTryLock()Z @ 25 c2
Event: 9.234 Thread 0x000001d3fd4ad6f0 DEOPT PACKING pc=0x000001d3a8d920e0 sp=0x00000075577fdc10
Event: 9.234 Thread 0x000001d3fd4ad6f0 DEOPT UNPACKING pc=0x000001d3a8753aa2 sp=0x00000075577fdb98 mode 2

Classes loaded (20 events):
Event: 8.204 Loading class java/util/function/LongUnaryOperator
Event: 8.205 Loading class java/util/function/LongUnaryOperator done
Event: 8.205 Loading class java/lang/ThreadDeath
Event: 8.205 Loading class java/lang/ThreadDeath done
Event: 9.221 Loading class java/util/stream/SortedOps$SizedRefSortingSink
Event: 9.221 Loading class java/util/stream/SortedOps$SizedRefSortingSink done
Event: 9.241 Loading class java/util/concurrent/atomic/Striped64$1
Event: 9.241 Loading class java/util/concurrent/atomic/Striped64$1 done
Event: 10.339 Loading class java/util/BitSet
Event: 10.339 Loading class java/util/BitSet done
Event: 10.346 Loading class sun/net/www/protocol/jrt/JavaRuntimeURLConnection
Event: 10.346 Loading class sun/net/www/protocol/jrt/JavaRuntimeURLConnection done
Event: 10.346 Loading class sun/net/www/protocol/jrt/JavaRuntimeURLConnection$1
Event: 10.347 Loading class sun/net/www/protocol/jrt/JavaRuntimeURLConnection$1 done
Event: 10.363 Loading class java/util/function/UnaryOperator
Event: 10.363 Loading class java/util/function/UnaryOperator done
Event: 10.366 Loading class java/util/ServiceConfigurationError
Event: 10.366 Loading class java/util/ServiceConfigurationError done
Event: 10.385 Loading class java/lang/InheritableThreadLocal
Event: 10.385 Loading class java/lang/InheritableThreadLocal done

Classes unloaded (0 events):
No events

Classes redefined (0 events):
No events

Internal exceptions (20 events):
Event: 5.754 Thread 0x000001d3fd479970 Exception <a 'java/lang/NoSuchMethodError'{0x00000000d6d7e800}: 'java.lang.Object java.lang.invoke.DirectMethodHandle$Holder.newInvokeSpecial(java.lang.Object, java.lang.Object, java.lang.Object, java.lang.Object, java.lang.Object)'> (0x00000000d6d7e800) 
thrown [s\src\hotspot\share\interpreter\linkResolver.cpp, line 773]
Event: 7.846 Thread 0x000001d3fd479970 Exception <a 'java/lang/NoSuchMethodError'{0x00000000d55d9a80}: 'java.lang.Object java.lang.invoke.DirectMethodHandle$Holder.invokeStaticInit(java.lang.Object, int)'> (0x00000000d55d9a80) 
thrown [s\src\hotspot\share\interpreter\linkResolver.cpp, line 773]
Event: 7.904 Thread 0x000001d3fd479970 Exception <a 'java/lang/NoSuchMethodError'{0x00000000d5895fa8}: 'java.lang.Object java.lang.invoke.DirectMethodHandle$Holder.invokeStaticInit(java.lang.Object, int, int, int, int)'> (0x00000000d5895fa8) 
thrown [s\src\hotspot\share\interpreter\linkResolver.cpp, line 773]
Event: 7.956 Thread 0x000001d3fd479970 Exception <a 'java/lang/NoSuchMethodError'{0x00000000d5974a20}: 'java.lang.Object java.lang.invoke.DirectMethodHandle$Holder.invokeStaticInit(java.lang.Object, java.lang.Object, int, int, int, int)'> (0x00000000d5974a20) 
thrown [s\src\hotspot\share\interpreter\linkResolver.cpp, line 773]
Event: 8.154 Thread 0x000001d3fd479970 Exception <a 'java/lang/NoSuchMethodError'{0x00000000d5a8b740}: 'void java.lang.invoke.DirectMethodHandle$Holder.invokeSpecial(java.lang.Object, java.lang.Object, java.lang.Object, int)'> (0x00000000d5a8b740) 
thrown [s\src\hotspot\share\interpreter\linkResolver.cpp, line 773]
Event: 8.155 Thread 0x000001d3fd479970 Exception <a 'java/lang/NoSuchMethodError'{0x00000000d5a8f0d0}: 'void java.lang.invoke.DelegatingMethodHandle$Holder.reinvoke_L(java.lang.Object, java.lang.Object, int)'> (0x00000000d5a8f0d0) 
thrown [s\src\hotspot\share\interpreter\linkResolver.cpp, line 773]
Event: 8.155 Thread 0x000001d3fd479970 Exception <a 'java/lang/NoSuchMethodError'{0x00000000d5a95db8}: 'int java.lang.invoke.Invokers$Holder.invokeExact_MT(java.lang.Object, java.lang.Object, java.lang.Object)'> (0x00000000d5a95db8) 
thrown [s\src\hotspot\share\interpreter\linkResolver.cpp, line 773]
Event: 8.177 Thread 0x000001d3fd479970 Exception <a 'java/lang/NoSuchMethodError'{0x00000000d5bba9d8}: 'void java.lang.invoke.Invokers$Holder.invokeExact_MT(java.lang.Object, java.lang.Object, int, java.lang.Object)'> (0x00000000d5bba9d8) 
thrown [s\src\hotspot\share\interpreter\linkResolver.cpp, line 773]
Event: 8.203 Thread 0x000001d3fd479970 Exception <a 'java/lang/NoSuchMethodError'{0x00000000d5cc5f98}: 'java.lang.Object java.lang.invoke.DirectMethodHandle$Holder.invokeSpecial(java.lang.Object, java.lang.Object, java.lang.Object, long, java.lang.Object)'> (0x00000000d5cc5f98) 
thrown [s\src\hotspot\share\interpreter\linkResolver.cpp, line 773]
Event: 8.203 Thread 0x000001d3fd479970 Exception <a 'java/lang/NoSuchMethodError'{0x00000000d5ccd7e0}: 'java.lang.Object java.lang.invoke.DirectMethodHandle$Holder.newInvokeSpecial(java.lang.Object, java.lang.Object, java.lang.Object, long)'> (0x00000000d5ccd7e0) 
thrown [s\src\hotspot\share\interpreter\linkResolver.cpp, line 773]
Event: 8.204 Thread 0x000001d3fd479970 Exception <a 'java/lang/NoSuchMethodError'{0x00000000d5cd1b90}: 'java.lang.Object java.lang.invoke.DirectMethodHandle$Holder.invokeSpecial(java.lang.Object, java.lang.Object, java.lang.Object, java.lang.Object, long)'> (0x00000000d5cd1b90) 
thrown [s\src\hotspot\share\interpreter\linkResolver.cpp, line 773]
Event: 8.204 Thread 0x000001d3fd479970 Exception <a 'java/lang/NoSuchMethodError'{0x00000000d5cd57b0}: 'java.lang.Object java.lang.invoke.Invokers$Holder.linkToTargetMethod(java.lang.Object, java.lang.Object, long, java.lang.Object)'> (0x00000000d5cd57b0) 
thrown [s\src\hotspot\share\interpreter\linkResolver.cpp, line 773]
Event: 9.219 Thread 0x000001d3fd479970 Exception <a 'java/lang/NoSuchMethodError'{0x00000000d5d4fb30}: 'int java.lang.invoke.DirectMethodHandle$Holder.invokeStaticInit(java.lang.Object, java.lang.Object, java.lang.Object)'> (0x00000000d5d4fb30) 
thrown [s\src\hotspot\share\interpreter\linkResolver.cpp, line 773]
Event: 9.228 Thread 0x000001d3fd479970 Exception <a 'java/lang/IncompatibleClassChangeError'{0x00000000d5dfd440}: Found class java.lang.Object, but interface was expected> (0x00000000d5dfd440) 
thrown [s\src\hotspot\share\interpreter\linkResolver.cpp, line 840]
Event: 9.230 Thread 0x000001d3fd479970 Exception <a 'java/lang/NoSuchMethodError'{0x00000000d5e0cdb8}: 'java.lang.Object java.lang.invoke.DirectMethodHandle$Holder.invokeSpecial(java.lang.Object, java.lang.Object, java.lang.Object, int, java.lang.Object, java.lang.Object)'> (0x00000000d5e0cdb8) 
thrown [s\src\hotspot\share\interpreter\linkResolver.cpp, line 773]
Event: 9.230 Thread 0x000001d3fd479970 Exception <a 'java/lang/NoSuchMethodError'{0x00000000d5e147d0}: 'java.lang.Object java.lang.invoke.DirectMethodHandle$Holder.newInvokeSpecial(java.lang.Object, java.lang.Object, java.lang.Object, int, java.lang.Object)'> (0x00000000d5e147d0) 
thrown [s\src\hotspot\share\interpreter\linkResolver.cpp, line 773]
Event: 9.231 Thread 0x000001d3fd479970 Exception <a 'java/lang/NoSuchMethodError'{0x00000000d5e18750}: 'java.lang.Object java.lang.invoke.DirectMethodHandle$Holder.invokeSpecial(java.lang.Object, java.lang.Object, java.lang.Object, java.lang.Object, int, java.lang.Object)'> (0x00000000d5e18750) 
thrown [s\src\hotspot\share\interpreter\linkResolver.cpp, line 773]
Event: 9.231 Thread 0x000001d3fd479970 Exception <a 'java/lang/NoSuchMethodError'{0x00000000d5e1c290}: 'java.lang.Object java.lang.invoke.Invokers$Holder.linkToTargetMethod(java.lang.Object, java.lang.Object, int, java.lang.Object, java.lang.Object)'> (0x00000000d5e1c290) 
thrown [s\src\hotspot\share\interpreter\linkResolver.cpp, line 773]
Event: 9.232 Thread 0x000001d3fd4ad6f0 Exception <a 'java/lang/NoSuchMethodError'{0x00000000d5d25ea0}: 'java.lang.Object java.lang.invoke.DirectMethodHandle$Holder.invokeSpecial(java.lang.Object, java.lang.Object, int, java.lang.Object, java.lang.Object)'> (0x00000000d5d25ea0) 
thrown [s\src\hotspot\share\interpreter\linkResolver.cpp, line 773]
Event: 9.243 Thread 0x000001d3fd479970 Exception <a 'java/lang/NoSuchMethodError'{0x00000000d5f252d0}: 'void java.lang.invoke.DirectMethodHandle$Holder.invokeSpecial(java.lang.Object, java.lang.Object, java.lang.Object, java.lang.Object, java.lang.Object)'> (0x00000000d5f252d0) 
thrown [s\src\hotspot\share\interpreter\linkResolver.cpp, line 773]

ZGC Phase Switch (0 events):
No events

VM Operations (20 events):
Event: 6.804 Executing safepoint VM operation: Cleanup done
Event: 7.836 Executing safepoint VM operation: ParallelGCFailedAllocation (Allocation Failure)
Event: 7.840 Executing safepoint VM operation: ParallelGCFailedAllocation (Allocation Failure) done
Event: 7.927 Executing non-safepoint VM operation: HandshakeAllThreads (Deoptimize)
Event: 7.927 Executing non-safepoint VM operation: HandshakeAllThreads (Deoptimize) done
Event: 8.138 Executing non-safepoint VM operation: HandshakeAllThreads (Deoptimize)
Event: 8.138 Executing non-safepoint VM operation: HandshakeAllThreads (Deoptimize) done
Event: 9.149 Executing safepoint VM operation: Cleanup
Event: 9.149 Executing safepoint VM operation: Cleanup done
Event: 10.151 Executing safepoint VM operation: Cleanup
Event: 10.274 Executing safepoint VM operation: Cleanup done
Event: 10.348 Executing non-safepoint VM operation: HandshakeAllThreads (Deoptimize)
Event: 10.348 Executing non-safepoint VM operation: HandshakeAllThreads (Deoptimize) done
Event: 10.391 Executing non-safepoint VM operation: HandshakeAllThreads (Deoptimize)
Event: 10.391 Executing non-safepoint VM operation: HandshakeAllThreads (Deoptimize) done
Event: 10.398 Executing non-safepoint VM operation: HandshakeAllThreads (Deoptimize)
Event: 10.398 Executing non-safepoint VM operation: HandshakeAllThreads (Deoptimize) done
Event: 11.399 Executing safepoint VM operation: Cleanup
Event: 11.446 Executing safepoint VM operation: Cleanup done
Event: 12.458 Executing safepoint VM operation: Cleanup

Memory protections (0 events):
No events

Nmethod flushes (0 events):
No events

Events (20 events):
Event: 2.850 Thread 0x000001d39c8ebf30 Thread added: 0x000001d3fd19e960
Event: 3.047 Thread 0x000001d39c8ebf30 Thread added: 0x000001d3fd03ba70
Event: 3.086 Thread 0x000001d3fd03ba70 Thread added: 0x000001d3fd439070
Event: 3.089 Thread 0x000001d39c8ebf30 Thread added: 0x000001d3fd479970
Event: 3.140 Thread 0x000001d3f86c49c0 Thread exited: 0x000001d3f86c49c0
Event: 3.270 Thread 0x000001d39c9abaa0 Thread added: 0x000001d3f8a303d0
Event: 3.672 Thread 0x000001d3fd479970 Thread added: 0x000001d3fd9888b0
Event: 3.936 Thread 0x000001d3f8a303d0 Thread exited: 0x000001d3f8a303d0
Event: 5.192 Thread 0x000001d3fd479970 Thread added: 0x000001d3fd4338f0
Event: 5.226 Thread 0x000001d3f77b7220 Thread exited: 0x000001d3f77b7220
Event: 5.289 Thread 0x000001d39c9abaa0 Thread added: 0x000001d3fd29f580
Event: 5.289 Thread 0x000001d39c9abaa0 Thread added: 0x000001d3fd73e870
Event: 5.549 Thread 0x000001d3fd479970 Thread added: 0x000001d3fd7b1d70
Event: 5.608 Thread 0x000001d3fd73e870 Thread exited: 0x000001d3fd73e870
Event: 5.622 Thread 0x000001d3fd29f580 Thread exited: 0x000001d3fd29f580
Event: 8.165 Thread 0x000001d3fd479970 Thread added: 0x000001d3fd4ad060
Event: 8.206 Thread 0x000001d3fd479970 Thread added: 0x000001d3fd4ad6f0
Event: 9.233 Thread 0x000001d3fd479970 Thread added: 0x000001d3fd4add80
Event: 9.249 Thread 0x000001d39c9abaa0 Thread added: 0x000001d3fd9f9720
Event: 11.088 Thread 0x000001d3fd9f9720 Thread exited: 0x000001d3fd9f9720


Dynamic libraries:
0x00007ff78ff90000 - 0x00007ff78ff9e000 	c:\Users\harsh\.vscode\extensions\redhat.java-1.53.0-win32-x64\jre\21.0.10-win32-x86_64\bin\java.exe
0x00007ffb5eac0000 - 0x00007ffb5ed28000 	C:\WINDOWS\SYSTEM32\ntdll.dll
0x00007ffb5d250000 - 0x00007ffb5d319000 	C:\WINDOWS\System32\KERNEL32.DLL
0x00007ffb5c320000 - 0x00007ffb5c712000 	C:\WINDOWS\System32\KERNELBASE.dll
0x00007ffb5bef0000 - 0x00007ffb5c03b000 	C:\WINDOWS\System32\ucrtbase.dll
0x00007ffb47b20000 - 0x00007ffb47b38000 	c:\Users\harsh\.vscode\extensions\redhat.java-1.53.0-win32-x64\jre\21.0.10-win32-x86_64\bin\jli.dll
0x00007ffb45bc0000 - 0x00007ffb45bde000 	c:\Users\harsh\.vscode\extensions\redhat.java-1.53.0-win32-x64\jre\21.0.10-win32-x86_64\bin\VCRUNTIME140.dll
0x00007ffb5d320000 - 0x00007ffb5d4e5000 	C:\WINDOWS\System32\USER32.dll
0x00007ffb4aa40000 - 0x00007ffb4acd3000 	C:\WINDOWS\WinSxS\amd64_microsoft.windows.common-controls_6595b64144ccf1df_6.0.26100.6725_none_3e085828e334708b\COMCTL32.dll
0x00007ffb5bc50000 - 0x00007ffb5bc77000 	C:\WINDOWS\System32\win32u.dll
0x00007ffb5cc10000 - 0x00007ffb5ccb9000 	C:\WINDOWS\System32\msvcrt.dll
0x00007ffb5e520000 - 0x00007ffb5e54b000 	C:\WINDOWS\System32\GDI32.dll
0x00007ffb5bdc0000 - 0x00007ffb5beed000 	C:\WINDOWS\System32\gdi32full.dll
0x00007ffb5bd10000 - 0x00007ffb5bdb3000 	C:\WINDOWS\System32\msvcp_win.dll
0x00007ffb5e990000 - 0x00007ffb5e9bf000 	C:\WINDOWS\System32\IMM32.DLL
0x00007ffb52d40000 - 0x00007ffb52d4c000 	c:\Users\harsh\.vscode\extensions\redhat.java-1.53.0-win32-x64\jre\21.0.10-win32-x86_64\bin\vcruntime140_1.dll
0x00007ffabcb50000 - 0x00007ffabcbdd000 	c:\Users\harsh\.vscode\extensions\redhat.java-1.53.0-win32-x64\jre\21.0.10-win32-x86_64\bin\msvcp140.dll
0x00007ffa916e0000 - 0x00007ffa92481000 	c:\Users\harsh\.vscode\extensions\redhat.java-1.53.0-win32-x64\jre\21.0.10-win32-x86_64\bin\server\jvm.dll
0x00007ffb5d610000 - 0x00007ffb5d6c4000 	C:\WINDOWS\System32\ADVAPI32.dll
0x00007ffb5e9d0000 - 0x00007ffb5ea76000 	C:\WINDOWS\System32\sechost.dll
0x00007ffb5d4f0000 - 0x00007ffb5d608000 	C:\WINDOWS\System32\RPCRT4.dll
0x00007ffb5ca20000 - 0x00007ffb5ca94000 	C:\WINDOWS\System32\WS2_32.dll
0x00007ffb5abb0000 - 0x00007ffb5ac0e000 	C:\WINDOWS\SYSTEM32\POWRPROF.dll
0x00007ffb521e0000 - 0x00007ffb521eb000 	C:\WINDOWS\SYSTEM32\VERSION.dll
0x00007ffb500b0000 - 0x00007ffb500e5000 	C:\WINDOWS\SYSTEM32\WINMM.dll
0x00007ffb5ab90000 - 0x00007ffb5aba4000 	C:\WINDOWS\SYSTEM32\UMPDC.dll
0x00007ffb5aa50000 - 0x00007ffb5aa6b000 	C:\WINDOWS\SYSTEM32\kernel.appcore.dll
0x00007ffb52b60000 - 0x00007ffb52b6a000 	c:\Users\harsh\.vscode\extensions\redhat.java-1.53.0-win32-x64\jre\21.0.10-win32-x86_64\bin\jimage.dll
0x00007ffb59550000 - 0x00007ffb59792000 	C:\WINDOWS\SYSTEM32\DBGHELP.DLL
0x00007ffb5e5f0000 - 0x00007ffb5e96b000 	C:\WINDOWS\System32\combase.dll
0x00007ffb5c940000 - 0x00007ffb5ca17000 	C:\WINDOWS\System32\OLEAUT32.dll
0x00007ffb33710000 - 0x00007ffb3374c000 	C:\WINDOWS\SYSTEM32\dbgcore.DLL
0x00007ffb5c100000 - 0x00007ffb5c198000 	C:\WINDOWS\System32\bcryptPrimitives.dll
0x00007ffb4d300000 - 0x00007ffb4d30f000 	c:\Users\harsh\.vscode\extensions\redhat.java-1.53.0-win32-x64\jre\21.0.10-win32-x86_64\bin\instrument.dll
0x00007ffb45ae0000 - 0x00007ffb45b00000 	c:\Users\harsh\.vscode\extensions\redhat.java-1.53.0-win32-x64\jre\21.0.10-win32-x86_64\bin\java.dll
0x00007ffb5d6e0000 - 0x00007ffb5de2c000 	C:\WINDOWS\System32\SHELL32.dll
0x00007ffb5c720000 - 0x00007ffb5c88b000 	C:\WINDOWS\System32\wintypes.dll
0x00007ffb59880000 - 0x00007ffb5a0dd000 	C:\WINDOWS\SYSTEM32\windows.storage.dll
0x00007ffb5e200000 - 0x00007ffb5e2f2000 	C:\WINDOWS\System32\SHCORE.dll
0x00007ffb5d160000 - 0x00007ffb5d1c2000 	C:\WINDOWS\System32\shlwapi.dll
0x00007ffb5bb70000 - 0x00007ffb5bb99000 	C:\WINDOWS\SYSTEM32\profapi.dll
0x00007ffb28a90000 - 0x00007ffb28aa8000 	c:\Users\harsh\.vscode\extensions\redhat.java-1.53.0-win32-x64\jre\21.0.10-win32-x86_64\bin\zip.dll
0x00007ffb4d100000 - 0x00007ffb4d110000 	C:\Users\harsh\.vscode\extensions\redhat.java-1.53.0-win32-x64\jre\21.0.10-win32-x86_64\bin\net.dll
0x00007ffb531d0000 - 0x00007ffb532ef000 	C:\WINDOWS\SYSTEM32\WINHTTP.dll
0x00007ffb5b060000 - 0x00007ffb5b0cb000 	C:\WINDOWS\system32\mswsock.dll
0x00007ffb27a30000 - 0x00007ffb27a46000 	C:\Users\harsh\.vscode\extensions\redhat.java-1.53.0-win32-x64\jre\21.0.10-win32-x86_64\bin\nio.dll
0x00007ffb4d030000 - 0x00007ffb4d040000 	c:\Users\harsh\.vscode\extensions\redhat.java-1.53.0-win32-x64\jre\21.0.10-win32-x86_64\bin\verify.dll
0x00007ffb17fa0000 - 0x00007ffb17fe5000 	C:\Users\harsh\AppData\Roaming\Code\User\globalStorage\redhat.java\1.53.0\config_win\org.eclipse.equinox.launcher\org.eclipse.equinox.launcher.win32.win32.x86_64_1.3.0.v20260203-2149\eclipse_11919.dll
0x00007ffb5de80000 - 0x00007ffb5e018000 	C:\WINDOWS\System32\ole32.dll
0x00007ffb5b2e0000 - 0x00007ffb5b2fb000 	C:\WINDOWS\SYSTEM32\CRYPTSP.dll
0x00007ffb5a9b0000 - 0x00007ffb5a9eb000 	C:\WINDOWS\system32\rsaenh.dll
0x00007ffb5b100000 - 0x00007ffb5b12b000 	C:\WINDOWS\SYSTEM32\USERENV.dll
0x00007ffb5bb40000 - 0x00007ffb5bb66000 	C:\WINDOWS\SYSTEM32\bcrypt.dll
0x00007ffb5b300000 - 0x00007ffb5b30c000 	C:\WINDOWS\SYSTEM32\CRYPTBASE.dll
0x00007ffb5a3e0000 - 0x00007ffb5a414000 	C:\WINDOWS\SYSTEM32\IPHLPAPI.DLL
0x00007ffb5d6d0000 - 0x00007ffb5d6da000 	C:\WINDOWS\System32\NSI.dll
0x00007ffb13ee0000 - 0x00007ffb13f29000 	C:\Users\harsh\AppData\Local\Temp\jna-99049134\jna2102746398379320149.dll
0x00007ffb5e550000 - 0x00007ffb5e558000 	C:\WINDOWS\System32\PSAPI.DLL

JVMTI agents:
c:\Users\harsh\.vscode\extensions\redhat.java-1.53.0-win32-x64\lombok\lombok-1.18.39-4050.jar path:c:\Users\harsh\.vscode\extensions\redhat.java-1.53.0-win32-x64\jre\21.0.10-win32-x86_64\bin\instrument.dll, loaded, initialized, instrumentlib options:none

dbghelp: loaded successfully - version: 4.0.5 - missing functions: none
symbol engine: initialized successfully - sym options: 0x614 - pdb path: .;c:\Users\harsh\.vscode\extensions\redhat.java-1.53.0-win32-x64\jre\21.0.10-win32-x86_64\bin;C:\WINDOWS\SYSTEM32;C:\WINDOWS\WinSxS\amd64_microsoft.windows.common-controls_6595b64144ccf1df_6.0.26100.6725_none_3e085828e334708b;c:\Users\harsh\.vscode\extensions\redhat.java-1.53.0-win32-x64\jre\21.0.10-win32-x86_64\bin\server;C:\Users\harsh\AppData\Roaming\Code\User\globalStorage\redhat.java\1.53.0\config_win\org.eclipse.equinox.launcher\org.eclipse.equinox.launcher.win32.win32.x86_64_1.3.0.v20260203-2149;C:\Users\harsh\AppData\Local\Temp\jna-99049134

VM Arguments:
jvm_args: --add-modules=ALL-SYSTEM --add-opens=java.base/java.util=ALL-UNNAMED --add-opens=java.base/java.lang=ALL-UNNAMED --add-opens=java.base/sun.nio.fs=ALL-UNNAMED -Declipse.application=org.eclipse.jdt.ls.core.id1 -Dosgi.bundles.defaultStartLevel=4 -Declipse.product=org.eclipse.jdt.ls.core.product -Djava.import.generatesMetadataFilesAtProjectRoot=false -DDetectVMInstallationsJob.disabled=true -Dfile.encoding=utf8 -XX:+UseParallelGC -XX:GCTimeRatio=4 -XX:AdaptiveSizePolicyWeight=90 -Dsun.zip.disableMemoryMapping=true -Xmx2G -Xms100m -Xlog:disable -javaagent:c:\Users\harsh\.vscode\extensions\redhat.java-1.53.0-win32-x64\lombok\lombok-1.18.39-4050.jar -XX:+HeapDumpOnOutOfMemoryError -XX:HeapDumpPath=c:\Users\harsh\AppData\Roaming\Code\User\workspaceStorage\60f601d2c50f877d18666076a6b5634a\redhat.java -Daether.dependencyCollector.impl=bf 
java_command: c:\Users\harsh\.vscode\extensions\redhat.java-1.53.0-win32-x64\server\plugins\org.eclipse.equinox.launcher_1.7.100.v20251111-0406.jar -configuration c:\Users\harsh\AppData\Roaming\Code\User\globalStorage\redhat.java\1.53.0\config_win -data c:\Users\harsh\AppData\Roaming\Code\User\workspaceStorage\60f601d2c50f877d18666076a6b5634a\redhat.java\jdt_ws --pipe=\\.\pipe\lsp-7276b56e3a9aaf9c60067efe2efb5405-sock
java_class_path (initial): c:\Users\harsh\.vscode\extensions\redhat.java-1.53.0-win32-x64\server\plugins\org.eclipse.equinox.launcher_1.7.100.v20251111-0406.jar
Launcher Type: SUN_STANDARD

[Global flags]
    uintx AdaptiveSizePolicyWeight                 = 90                                        {product} {command line}
     intx CICompilerCount                          = 4                                         {product} {ergonomic}
    uintx GCTimeRatio                              = 4                                         {product} {command line}
     bool HeapDumpOnOutOfMemoryError               = true                                   {manageable} {command line}
    ccstr HeapDumpPath                             = c:\Users\harsh\AppData\Roaming\Code\User\workspaceStorage\60f601d2c50f877d18666076a6b5634a\redhat.java         {manageable} {command line}
   size_t InitialHeapSize                          = 104857600                                 {product} {command line}
   size_t MaxHeapSize                              = 2147483648                                {product} {command line}
   size_t MaxNewSize                               = 715653120                                 {product} {ergonomic}
   size_t MinHeapDeltaBytes                        = 524288                                    {product} {ergonomic}
   size_t MinHeapSize                              = 104857600                                 {product} {command line}
   size_t NewSize                                  = 34603008                                  {product} {ergonomic}
    uintx NonNMethodCodeHeapSize                   = 5839372                                {pd product} {ergonomic}
    uintx NonProfiledCodeHeapSize                  = 122909434                              {pd product} {ergonomic}
   size_t OldSize                                  = 70254592                                  {product} {ergonomic}
    uintx ProfiledCodeHeapSize                     = 122909434                              {pd product} {ergonomic}
    uintx ReservedCodeCacheSize                    = 251658240                              {pd product} {ergonomic}
     bool SegmentedCodeCache                       = true                                      {product} {ergonomic}
   size_t SoftMaxHeapSize                          = 2147483648                             {manageable} {ergonomic}
     bool UseCompressedOops                        = true                           {product lp64_product} {ergonomic}
     bool UseLargePagesIndividualAllocation        = false                                  {pd product} {ergonomic}
     bool UseParallelGC                            = true                                      {product} {command line}

Logging:
Log output configuration:
 #0: stdout all=off uptime,level,tags foldmultilines=false
 #1: stderr all=off uptime,level,tags foldmultilines=false

Release file:
JAVA_VERSION="21.0.10" 
MODULES="java.base java.compiler java.datatransfer java.xml java.prefs java.desktop java.instrument java.logging java.management java.security.sasl java.naming java.rmi java.management.rmi java.net.http java.scripting java.security.jgss java.transaction.xa java.sql java.sql.rowset java.xml.crypto java.se java.smartcardio jdk.accessibility jdk.internal.jvmstat jdk.attach jdk.charsets jdk.internal.opt jdk.zipfs jdk.compiler jdk.crypto.ec jdk.crypto.cryptoki jdk.crypto.mscapi jdk.dynalink jdk.internal.ed jdk.editpad jdk.hotspot.agent jdk.httpserver jdk.internal.le jdk.internal.vm.ci jdk.internal.vm.compiler jdk.internal.vm.compiler.management jdk.jartool jdk.javadoc jdk.jcmd jdk.management jdk.management.agent jdk.jconsole jdk.jdeps jdk.jdwp.agent jdk.jdi jdk.jfr jdk.jshell jdk.jsobject jdk.jstatd jdk.localedata jdk.management.jfr jdk.naming.dns jdk.naming.rmi jdk.net jdk.nio.mapmode jdk.random jdk.sctp jdk.security.auth jdk.security.jgss jdk.unsupported jdk.unsupported.desktop jdk.xml.dom" 

Environment Variables:
PATH=C:\Program Files\Common Files\Oracle\Java\javapath;C:\Program Files (x86)\Intel\Intel(R) Management Engine Components\iCLS\;C:\Program Files\Intel\Intel(R) Management Engine Components\iCLS\;C:\Windows\system32;C:\Windows;C:\Windows\System32\Wbem;C:\Windows\System32\WindowsPowerShell\v1.0\;C:\Windows\System32\OpenSSH\;C:\Program Files (x86)\Intel\Intel(R) Management Engine Components\DAL;C:\Program Files\Intel\Intel(R) Management Engine Components\DAL;C:\Program Files (x86)\Intel\Intel(R) Management Engine Components\IPT;C:\Program Files\Intel\Intel(R) Management Engine Components\IPT;C:\Program Files\Intel\WiFi\bin\;C:\Program Files\Common Files\Intel\WirelessCommon\;C:\Program Files (x86)\NVIDIA Corporation\PhysX\Common;C:\WINDOWS\system32;C:\WINDOWS;C:\WINDOWS\System32\Wbem;C:\WINDOWS\System32\WindowsPowerShell\v1.0\;C:\WINDOWS\System32\OpenSSH\;C:\Program Files\NVIDIA Corporation\NVIDIA App\NvDLISR;C:\Program Files\Docker\Docker\resources\bin;C:\Program Files\Git\cmd;C:\Program Files\Maven\apache-maven-3.9.12\bin;%NVM_HOME%;%NVM_SYMLINK%;C:\Users\harsh\AppData\Local\Microsoft\WindowsApps;C:\Users\harsh\AppData\Local\Programs\Microsoft VS Code\bin;C:\Users\harsh\AppData\Local\nvm;C:\nvm4w\nodejs
USERNAME=harsh
OS=Windows_NT
PROCESSOR_IDENTIFIER=Intel64 Family 6 Model 158 Stepping 10, GenuineIntel
TMP=C:\Users\harsh\AppData\Local\Temp
TEMP=C:\Users\harsh\AppData\Local\Temp




Periodic native trim disabled

---------------  S Y S T E M  ---------------

OS:
 Windows 11 , 64 bit Build 26100 (10.0.26100.6725)
OS uptime: 1 days 2:37 hours
Hyper-V role detected

CPU: total 12 (initial active 12) (6 cores per cpu, 2 threads per core) family 6 model 158 stepping 10 microcode 0xea, cx8, cmov, fxsr, ht, mmx, 3dnowpref, sse, sse2, sse3, ssse3, sse4.1, sse4.2, popcnt, lzcnt, tsc, tscinvbit, avx, avx2, aes, erms, clmul, bmi1, bmi2, adx, fma, vzeroupper, clflush, clflushopt, hv, rdtscp, f16c
Processor Information for the first 12 processors :
  Max Mhz: 2208, Current Mhz: 2208, Mhz Limit: 2208

Memory: 4k page, system-wide physical 20273M (7088M free)
TotalPageFile size 48803M (AvailPageFile size 12M)
current process WorkingSet (physical memory assigned to process): 135M, peak: 141M
current process commit charge ("private bytes"): 279M, peak: 285M

vm_info: OpenJDK 64-Bit Server VM (21.0.10+7-LTS) for windows-amd64 JRE (21.0.10+7-LTS), built on 2026-01-20T00:00:00Z by "admin" with MS VC++ 17.12 (VS2022)

END.
